Vivado Simulator 2014.2
Copyright 1986-1999, 2001-2014 Xilinx, Inc. All Rights Reserved.
Running: C:/Xilinx/Vivado/2014.2/bin/unwrapped/win64.o/xelab.exe --debug typical --relax -L xil_defaultlib -L secureip --snapshot FIR_TB_behav --prj C:/Users/Superminiala/Documents/VLSI/Lab_3/Lab_3.sim/sim_1/behav/FIR_TB.prj xil_defaultlib.FIR_TB 
Multi-threading is on. Using 2 slave threads.
INFO: [VRFC 10-163] Analyzing VHDL file "C:/Users/Superminiala/Documents/VLSI/Lab_3/Lab_3.srcs/sources_1/new/mlab_rom.vhd" into library xil_defaultlib
INFO: [VRFC 10-163] Analyzing VHDL file "C:/Users/Superminiala/Documents/VLSI/Lab_3/Lab_3.srcs/sources_1/new/MAC.vhd" into library xil_defaultlib
INFO: [VRFC 10-163] Analyzing VHDL file "C:/Users/Superminiala/Documents/VLSI/Lab_3/Lab_3.srcs/sources_1/new/mlab_ram.vhd" into library xil_defaultlib
INFO: [VRFC 10-163] Analyzing VHDL file "C:/Users/Superminiala/Documents/VLSI/Lab_3/Lab_3.srcs/sources_1/new/Control_Unit.vhd" into library xil_defaultlib
INFO: [VRFC 10-163] Analyzing VHDL file "C:/Users/Superminiala/Documents/VLSI/Lab_3/Lab_3.srcs/sources_1/new/FIR.vhd" into library xil_defaultlib
INFO: [VRFC 10-163] Analyzing VHDL file "C:/Users/Superminiala/Documents/VLSI/Lab_3/Lab_3.srcs/sim_1/new/FIR_TB.vhd" into library xil_defaultlib
INFO: [VRFC 10-165] Analyzing Verilog file "C:/Xilinx/Vivado/2014.2/data/verilog/src/glbl.v" into library xil_defaultlib
INFO: [VRFC 10-311] analyzing module glbl
Starting static elaboration
Completed static elaboration
Starting simulation data flow analysis
Completed simulation data flow analysis
Time Resolution for simulation is 1ps
Compiling package std.standard
Compiling package ieee.std_logic_1164
Compiling package ieee.std_logic_arith
Compiling package ieee.std_logic_unsigned
Compiling package ieee.numeric_std
Compiling architecture behavioral of entity xil_defaultlib.Control_Unit [control_unit_default]
Compiling architecture behavioral of entity xil_defaultlib.mlab_ram [\mlab_ram(8)\]
Compiling architecture behavioral of entity xil_defaultlib.mlab_rom [\mlab_rom(8)\]
Compiling architecture behavioral of entity xil_defaultlib.MAC [mac_default]
Compiling architecture behavioral of entity xil_defaultlib.FIR [fir_default]
Compiling architecture testbench of entity xil_defaultlib.fir_tb
Waiting for 2 sub-compilation(s) to finish...
Built simulation snapshot FIR_TB_behav
